#
# There is insufficient memory for the Java Runtime Environment to continue.
# Native memory allocation (mmap) failed to map 65536 bytes for Failed to commit metaspace.
# Possible reasons:
#   The system is out of physical RAM or swap space
#   The process is running with CompressedOops enabled, and the Java Heap may be blocking the growth of the native heap
# Possible solutions:
#   Reduce memory load on the system
#   Increase physical memory or swap space
#   Check if swap backing store is full
#   Decrease Java heap size (-Xmx/-Xms)
#   Decrease number of Java threads
#   Decrease Java thread stack sizes (-Xss)
#   Set larger code cache with -XX:ReservedCodeCacheSize=
#   JVM is running with Unscaled Compressed Oops mode in which the Java heap is
#     placed in the first 4GB address space. The Java Heap base address is the
#     maximum limit for the native heap growth. Please use -XX:HeapBaseMinAddress
#     to set the Java Heap base and to place the Java Heap above 4GB virtual address.
# This output file may be truncated or incomplete.
#
#  Out of Memory Error (virtualSpaceNode.cpp:110), pid=15592, tid=14704
#
# JRE version: OpenJDK Runtime Environment Temurin-17.0.6+10 (17.0.6+10) (build 17.0.6+10)
# Java VM: OpenJDK 64-Bit Server VM Temurin-17.0.6+10 (17.0.6+10, mixed mode, tiered, compressed oops, compressed class ptrs, g1 gc, windows-amd64)
# No core dump will be written. Minidumps are not enabled by default on client versions of Windows
#

---------------  S U M M A R Y ------------

Command Line: -Dfile.encoding=UTF-8 -XX:+ShowCodeDetailsInExceptionMessages visao.TelaProdutos

Host: 12th Gen Intel(R) Core(TM) i5-12400, 12 cores, 7G,  Windows 11 , 64 bit Build 22621 (10.0.22621.3235)
Time: Tue Oct  8 10:39:37 2024 Hora oficial do Brasil elapsed time: 0.242498 seconds (0d 0h 0m 0s)

---------------  T H R E A D  ---------------

Current thread (0x000002232aa5b470):  JavaThread "AWT-EventQueue-0" [_thread_in_vm, id=14704, stack(0x0000004a7bc00000,0x0000004a7bd00000)]

Stack: [0x0000004a7bc00000,0x0000004a7bd00000]
Native frames: (J=compiled Java code, j=interpreted, Vv=VM code, C=native code)
V  [jvm.dll+0x67741a]
V  [jvm.dll+0x834434]
V  [jvm.dll+0x835bde]
V  [jvm.dll+0x836243]
V  [jvm.dll+0x2457b5]
V  [jvm.dll+0x8304cb]
V  [jvm.dll+0x61bca6]
V  [jvm.dll+0x61bd0a]
V  [jvm.dll+0x61e52a]
V  [jvm.dll+0x61c646]
V  [jvm.dll+0x23b2a0]
V  [jvm.dll+0x1eae0d]
V  [jvm.dll+0x1e0841]
V  [jvm.dll+0x53c6d0]
V  [jvm.dll+0x1f1017]
V  [jvm.dll+0x7aea1b]
V  [jvm.dll+0x7afdc2]
V  [jvm.dll+0x7b00f8]
V  [jvm.dll+0x23dbbe]
V  [jvm.dll+0x37ecce]
C  0x000002231a83b5bb

Java frames: (J=compiled Java code, j=interpreted, Vv=VM code)
j  java.lang.reflect.Proxy.lambda$getProxyConstructor$0(Ljava/lang/ClassLoader;Ljdk/internal/loader/AbstractClassLoaderValue$Sub;)Ljava/lang/reflect/Constructor;+0 java.base@17.0.6
j  java.lang.reflect.Proxy$$Lambda$119+0x000000010012a450.apply(Ljava/lang/Object;Ljava/lang/Object;)Ljava/lang/Object;+8 java.base@17.0.6
j  jdk.internal.loader.AbstractClassLoaderValue$Memoizer.get()Ljava/lang/Object;+75 java.base@17.0.6
j  jdk.internal.loader.AbstractClassLoaderValue.computeIfAbsent(Ljava/lang/ClassLoader;Ljava/util/function/BiFunction;)Ljava/lang/Object;+63 java.base@17.0.6
j  java.lang.reflect.Proxy.getProxyConstructor(Ljava/lang/Class;Ljava/lang/ClassLoader;[Ljava/lang/Class;)Ljava/lang/reflect/Constructor;+40 java.base@17.0.6
j  java.lang.reflect.Proxy.newProxyInstance(Ljava/lang/ClassLoader;[Ljava/lang/Class;Ljava/lang/reflect/InvocationHandler;)Ljava/lang/Object;+22 java.base@17.0.6
j  sun.reflect.annotation.AnnotationParser$1.run()Ljava/lang/annotation/Annotation;+33 java.base@17.0.6
j  sun.reflect.annotation.AnnotationParser$1.run()Ljava/lang/Object;+1 java.base@17.0.6
j  java.security.AccessController.executePrivileged(Ljava/security/PrivilegedAction;Ljava/security/AccessControlContext;Ljava/lang/Class;)Ljava/lang/Object;+29 java.base@17.0.6
j  java.security.AccessController.doPrivileged(Ljava/security/PrivilegedAction;)Ljava/lang/Object;+5 java.base@17.0.6
j  sun.reflect.annotation.AnnotationParser.annotationForMap(Ljava/lang/Class;Ljava/util/Map;)Ljava/lang/annotation/Annotation;+9 java.base@17.0.6
j  sun.reflect.annotation.AnnotationParser.parseAnnotation2(Ljava/nio/ByteBuffer;Ljdk/internal/reflect/ConstantPool;Ljava/lang/Class;Z[Ljava/lang/Class;)Ljava/lang/annotation/Annotation;+267 java.base@17.0.6
j  sun.reflect.annotation.AnnotationParser.parseAnnotations2([BLjdk/internal/reflect/ConstantPool;Ljava/lang/Class;[Ljava/lang/Class;)Ljava/util/Map;+41 java.base@17.0.6
j  sun.reflect.annotation.AnnotationParser.parseSelectAnnotations([BLjdk/internal/reflect/ConstantPool;Ljava/lang/Class;[Ljava/lang/Class;)Ljava/util/Map;+12 java.base@17.0.6
j  sun.reflect.annotation.AnnotationType.<init>(Ljava/lang/Class;)V+291 java.base@17.0.6
j  sun.reflect.annotation.AnnotationType.getInstance(Ljava/lang/Class;)Lsun/reflect/annotation/AnnotationType;+21 java.base@17.0.6
j  sun.reflect.annotation.AnnotationParser.parseAnnotation2(Ljava/nio/ByteBuffer;Ljdk/internal/reflect/ConstantPool;Ljava/lang/Class;Z[Ljava/lang/Class;)Ljava/lang/annotation/Annotation;+103 java.base@17.0.6
j  sun.reflect.annotation.AnnotationParser.parseAnnotations2([BLjdk/internal/reflect/ConstantPool;Ljava/lang/Class;[Ljava/lang/Class;)Ljava/util/Map;+41 java.base@17.0.6
j  sun.reflect.annotation.AnnotationParser.parseAnnotations([BLjdk/internal/reflect/ConstantPool;Ljava/lang/Class;)Ljava/util/Map;+12 java.base@17.0.6
j  java.lang.reflect.Executable.declaredAnnotations()Ljava/util/Map;+62 java.base@17.0.6
j  java.lang.reflect.Executable.declaredAnnotations()Ljava/util/Map;+35 java.base@17.0.6
j  java.lang.reflect.Executable.getAnnotation(Ljava/lang/Class;)Ljava/lang/annotation/Annotation;+7 java.base@17.0.6
j  java.lang.reflect.Method.getAnnotation(Ljava/lang/Class;)Ljava/lang/annotation/Annotation;+2 java.base@17.0.6
j  com.sun.beans.introspect.PropertyInfo.initialize(Lcom/sun/beans/introspect/MethodInfo;)Z+10 java.desktop@17.0.6
j  com.sun.beans.introspect.PropertyInfo.initialize()Z+373 java.desktop@17.0.6
j  com.sun.beans.introspect.PropertyInfo.get(Ljava/lang/Class;)Ljava/util/Map;+464 java.desktop@17.0.6
j  com.sun.beans.introspect.ClassInfo.getProperties()Ljava/util/Map;+26 java.desktop@17.0.6
j  java.beans.Introspector.getTargetPropertyInfo()[Ljava/beans/PropertyDescriptor;+92 java.desktop@17.0.6
j  java.beans.Introspector.getBeanInfo()Ljava/beans/BeanInfo;+16 java.desktop@17.0.6
j  java.beans.Introspector.getBeanInfo(Ljava/lang/Class;Ljava/lang/Class;I)Ljava/beans/BeanInfo;+27 java.desktop@17.0.6
j  java.beans.Introspector.<init>(Ljava/lang/Class;Ljava/lang/Class;I)V+141 java.desktop@17.0.6
j  java.beans.Introspector.getBeanInfo(Ljava/lang/Class;Ljava/lang/Class;I)Ljava/beans/BeanInfo;+24 java.desktop@17.0.6
j  java.beans.Introspector.getBeanInfo(Ljava/lang/Class;I)Ljava/beans/BeanInfo;+3 java.desktop@17.0.6
j  net.miginfocom.layout.LayoutUtil.setDelegate(Ljava/lang/Class;Ljava/beans/PersistenceDelegate;)V+2
j  net.miginfocom.layout.UnitValue.<clinit>()V+597
v  ~StubRoutines::call_stub
j  net.miginfocom.layout.PlatformDefaults.<clinit>()V+22
v  ~StubRoutines::call_stub
j  net.miginfocom.swing.MigLayout.<init>(Ljava/lang/String;Ljava/lang/String;Ljava/lang/String;)V+79
j  visao.TelaProdutos.<init>()V+87
j  visao.TelaProdutos$1.run()V+4
j  java.awt.event.InvocationEvent.dispatch()V+47 java.desktop@17.0.6
j  java.awt.EventQueue.dispatchEventImpl(Ljava/awt/AWTEvent;Ljava/lang/Object;)V+21 java.desktop@17.0.6
j  java.awt.EventQueue$4.run()Ljava/lang/Void;+32 java.desktop@17.0.6
j  java.awt.EventQueue$4.run()Ljava/lang/Object;+1 java.desktop@17.0.6
j  java.security.AccessController.executePrivileged(Ljava/security/PrivilegedAction;Ljava/security/AccessControlContext;Ljava/lang/Class;)Ljava/lang/Object;+29 java.base@17.0.6
j  java.security.AccessController.doPrivileged(Ljava/security/PrivilegedAction;Ljava/security/AccessControlContext;)Ljava/lang/Object;+13 java.base@17.0.6
j  java.security.ProtectionDomain$JavaSecurityAccessImpl.doIntersectionPrivilege(Ljava/security/PrivilegedAction;Ljava/security/AccessControlContext;Ljava/security/AccessControlContext;)Ljava/lang/Object;+18 java.base@17.0.6
j  java.awt.EventQueue.dispatchEvent(Ljava/awt/AWTEvent;)V+46 java.desktop@17.0.6
j  java.awt.EventDispatchThread.pumpOneEventForFilters(I)V+78 java.desktop@17.0.6
j  java.awt.EventDispatchThread.pumpEventsForFilter(ILjava/awt/Conditional;Ljava/awt/EventFilter;)V+35 java.desktop@17.0.6
j  java.awt.EventDispatchThread.pumpEventsForHierarchy(ILjava/awt/Conditional;Ljava/awt/Component;)V+11 java.desktop@17.0.6
j  java.awt.EventDispatchThread.pumpEvents(ILjava/awt/Conditional;)V+4 java.desktop@17.0.6
j  java.awt.EventDispatchThread.pumpEvents(Ljava/awt/Conditional;)V+3 java.desktop@17.0.6
j  java.awt.EventDispatchThread.run()V+9 java.desktop@17.0.6
v  ~StubRoutines::call_stub

---------------  P R O C E S S  ---------------

Threads class SMR info:
_java_thread_list=0x000002232aa0d520, length=16, elements={
0x0000022329abc020, 0x0000022329abc9d0, 0x000002232a420280, 0x000002232a420b40,
0x000002232a4214f0, 0x000002232a421ea0, 0x000002232a438f00, 0x000002232a4399a0,
0x000002232a43b2b0, 0x000002232a5ab210, 0x000002232a5aa040, 0x000002232aa4b020,
0x000002232aa5d4a0, 0x000002232aa669d0, 0x000002232aa5b470, 0x000002230fc3f250
}

Java Threads: ( => current thread )
  0x0000022329abc020 JavaThread "Reference Handler" daemon [_thread_blocked, id=9408, stack(0x0000004a7ad00000,0x0000004a7ae00000)]
  0x0000022329abc9d0 JavaThread "Finalizer" daemon [_thread_blocked, id=15116, stack(0x0000004a7ae00000,0x0000004a7af00000)]
  0x000002232a420280 JavaThread "Signal Dispatcher" daemon [_thread_blocked, id=10592, stack(0x0000004a7af00000,0x0000004a7b000000)]
  0x000002232a420b40 JavaThread "Attach Listener" daemon [_thread_blocked, id=3032, stack(0x0000004a7b000000,0x0000004a7b100000)]
  0x000002232a4214f0 JavaThread "Service Thread" daemon [_thread_blocked, id=16856, stack(0x0000004a7b100000,0x0000004a7b200000)]
  0x000002232a421ea0 JavaThread "Monitor Deflation Thread" daemon [_thread_blocked, id=2052, stack(0x0000004a7b200000,0x0000004a7b300000)]
  0x000002232a438f00 JavaThread "C2 CompilerThread0" daemon [_thread_blocked, id=13092, stack(0x0000004a7b300000,0x0000004a7b400000)]
  0x000002232a4399a0 JavaThread "C1 CompilerThread0" daemon [_thread_blocked, id=16004, stack(0x0000004a7b400000,0x0000004a7b500000)]
  0x000002232a43b2b0 JavaThread "Sweeper thread" daemon [_thread_blocked, id=15472, stack(0x0000004a7b500000,0x0000004a7b600000)]
  0x000002232a5ab210 JavaThread "Notification Thread" daemon [_thread_blocked, id=10788, stack(0x0000004a7b600000,0x0000004a7b700000)]
  0x000002232a5aa040 JavaThread "Common-Cleaner" daemon [_thread_blocked, id=15192, stack(0x0000004a7b800000,0x0000004a7b900000)]
  0x000002232aa4b020 JavaThread "Java2D Disposer" daemon [_thread_blocked, id=15176, stack(0x0000004a7b900000,0x0000004a7ba00000)]
  0x000002232aa5d4a0 JavaThread "AWT-Shutdown" [_thread_blocked, id=13416, stack(0x0000004a7ba00000,0x0000004a7bb00000)]
  0x000002232aa669d0 JavaThread "AWT-Windows" daemon [_thread_in_native, id=3816, stack(0x0000004a7bb00000,0x0000004a7bc00000)]
=>0x000002232aa5b470 JavaThread "AWT-EventQueue-0" [_thread_in_vm, id=14704, stack(0x0000004a7bc00000,0x0000004a7bd00000)]
  0x000002230fc3f250 JavaThread "DestroyJavaVM" [_thread_blocked, id=11648, stack(0x0000004a7a600000,0x0000004a7a700000)]

Other Threads:
  0x0000022329a961c0 VMThread "VM Thread" [stack: 0x0000004a7ac00000,0x0000004a7ad00000] [id=11276]
  0x000002230fc4f3d0 WatcherThread [stack: 0x0000004a7b700000,0x0000004a7b800000] [id=14956]
  0x000002230fc99090 GCTaskThread "GC Thread#0" [stack: 0x0000004a7a700000,0x0000004a7a800000] [id=9560]
  0x000002230fca9270 ConcurrentGCThread "G1 Main Marker" [stack: 0x0000004a7a800000,0x0000004a7a900000] [id=17240]
  0x000002230fca9c80 ConcurrentGCThread "G1 Conc#0" [stack: 0x0000004a7a900000,0x0000004a7aa00000] [id=1212]
  0x000002230fcfd720 ConcurrentGCThread "G1 Refine#0" [stack: 0x0000004a7aa00000,0x0000004a7ab00000] [id=7756]
  0x000002230fcfe140 ConcurrentGCThread "G1 Service" [stack: 0x0000004a7ab00000,0x0000004a7ac00000] [id=3096]

Threads with active compile tasks:

VM state: not at safepoint (normal execution)

VM Mutex/Monitor currently owned by a thread:  ([mutex/lock_event])
[0x000002230fc2a640] Metaspace_lock - owner thread: 0x000002232aa5b470

Heap address: 0x000000008a800000, size: 1880 MB, Compressed Oops mode: 32-bit

CDS archive(s) not mapped
Compressed class space mapped at: 0x0000000100000000-0x0000000140000000, reserved size: 1073741824
Narrow klass base: 0x0000000000000000, Narrow klass shift: 3, Narrow klass range: 0x140000000

GC Precious Log:
 CPUs: 12 total, 12 available
 Memory: 7515M
 Large Page Support: Disabled
 NUMA Support: Disabled
 Compressed Oops: Enabled (32-bit)
 Heap Region Size: 1M
 Heap Min Capacity: 8M
 Heap Initial Capacity: 118M
 Heap Max Capacity: 1880M
 Pre-touch: Disabled
 Parallel Workers: 10
 Concurrent Workers: 3
 Concurrent Refinement Workers: 10
 Periodic GC: Disabled

Heap:
 garbage-first heap   total 120832K, used 10240K [0x000000008a800000, 0x0000000100000000)
  region size 1024K, 8 young (8192K), 0 survivors (0K)
 Metaspace       used 12048K, committed 12224K, reserved 1064960K
  class space    used 1170K, committed 1280K, reserved 1048576K

Heap Regions: E=young(eden), S=young(survivor), O=old, HS=humongous(starts), HC=humongous(continues), CS=collection set, F=free, OA=open archive, CA=closed archive, TAMS=top-at-mark-start (previous, next)
|   0|0x000000008a800000, 0x000000008a900000, 0x000000008a900000|100%|HS|  |TAMS 0x000000008a800000, 0x000000008a800000| Complete 
|   1|0x000000008a900000, 0x000000008aa00000, 0x000000008aa00000|100%|HC|  |TAMS 0x000000008a900000, 0x000000008a900000| Complete 
|   2|0x000000008aa00000, 0x000000008ab00000, 0x000000008ab00000|100%|HC|  |TAMS 0x000000008aa00000, 0x000000008aa00000| Complete 
|   3|0x000000008ab00000, 0x000000008ab00000, 0x000000008ac00000|  0%| F|  |TAMS 0x000000008ab00000, 0x000000008ab00000| Untracked 
|   4|0x000000008ac00000, 0x000000008ac00000, 0x000000008ad00000|  0%| F|  |TAMS 0x000000008ac00000, 0x000000008ac00000| Untracked 
|   5|0x000000008ad00000, 0x000000008ad00000, 0x000000008ae00000|  0%| F|  |TAMS 0x000000008ad00000, 0x000000008ad00000| Untracked 
|   6|0x000000008ae00000, 0x000000008ae00000, 0x000000008af00000|  0%| F|  |TAMS 0x000000008ae00000, 0x000000008ae00000| Untracked 
|   7|0x000000008af00000, 0x000000008af00000, 0x000000008b000000|  0%| F|  |TAMS 0x000000008af00000, 0x000000008af00000| Untracked 
|   8|0x000000008b000000, 0x000000008b000000, 0x000000008b100000|  0%| F|  |TAMS 0x000000008b000000, 0x000000008b000000| Untracked 
|   9|0x000000008b100000, 0x000000008b100000, 0x000000008b200000|  0%| F|  |TAMS 0x000000008b100000, 0x000000008b100000| Untracked 
|  10|0x000000008b200000, 0x000000008b200000, 0x000000008b300000|  0%| F|  |TAMS 0x000000008b200000, 0x000000008b200000| Untracked 
|  11|0x000000008b300000, 0x000000008b300000, 0x000000008b400000|  0%| F|  |TAMS 0x000000008b300000, 0x000000008b300000| Untracked 
|  12|0x000000008b400000, 0x000000008b400000, 0x000000008b500000|  0%| F|  |TAMS 0x000000008b400000, 0x000000008b400000| Untracked 
|  13|0x000000008b500000, 0x000000008b500000, 0x000000008b600000|  0%| F|  |TAMS 0x000000008b500000, 0x000000008b500000| Untracked 
|  14|0x000000008b600000, 0x000000008b600000, 0x000000008b700000|  0%| F|  |TAMS 0x000000008b600000, 0x000000008b600000| Untracked 
|  15|0x000000008b700000, 0x000000008b700000, 0x000000008b800000|  0%| F|  |TAMS 0x000000008b700000, 0x000000008b700000| Untracked 
|  16|0x000000008b800000, 0x000000008b800000, 0x000000008b900000|  0%| F|  |TAMS 0x000000008b800000, 0x000000008b800000| Untracked 
|  17|0x000000008b900000, 0x000000008b900000, 0x000000008ba00000|  0%| F|  |TAMS 0x000000008b900000, 0x000000008b900000| Untracked 
|  18|0x000000008ba00000, 0x000000008ba00000, 0x000000008bb00000|  0%| F|  |TAMS 0x000000008ba00000, 0x000000008ba00000| Untracked 
|  19|0x000000008bb00000, 0x000000008bb00000, 0x000000008bc00000|  0%| F|  |TAMS 0x000000008bb00000, 0x000000008bb00000| Untracked 
|  20|0x000000008bc00000, 0x000000008bc00000, 0x000000008bd00000|  0%| F|  |TAMS 0x000000008bc00000, 0x000000008bc00000| Untracked 
|  21|0x000000008bd00000, 0x000000008bd00000, 0x000000008be00000|  0%| F|  |TAMS 0x000000008bd00000, 0x000000008bd00000| Untracked 
|  22|0x000000008be00000, 0x000000008be00000, 0x000000008bf00000|  0%| F|  |TAMS 0x000000008be00000, 0x000000008be00000| Untracked 
|  23|0x000000008bf00000, 0x000000008bf00000, 0x000000008c000000|  0%| F|  |TAMS 0x000000008bf00000, 0x000000008bf00000| Untracked 
|  24|0x000000008c000000, 0x000000008c000000, 0x000000008c100000|  0%| F|  |TAMS 0x000000008c000000, 0x000000008c000000| Untracked 
|  25|0x000000008c100000, 0x000000008c100000, 0x000000008c200000|  0%| F|  |TAMS 0x000000008c100000, 0x000000008c100000| Untracked 
|  26|0x000000008c200000, 0x000000008c200000, 0x000000008c300000|  0%| F|  |TAMS 0x000000008c200000, 0x000000008c200000| Untracked 
|  27|0x000000008c300000, 0x000000008c300000, 0x000000008c400000|  0%| F|  |TAMS 0x000000008c300000, 0x000000008c300000| Untracked 
|  28|0x000000008c400000, 0x000000008c400000, 0x000000008c500000|  0%| F|  |TAMS 0x000000008c400000, 0x000000008c400000| Untracked 
|  29|0x000000008c500000, 0x000000008c500000, 0x000000008c600000|  0%| F|  |TAMS 0x000000008c500000, 0x000000008c500000| Untracked 
|  30|0x000000008c600000, 0x000000008c600000, 0x000000008c700000|  0%| F|  |TAMS 0x000000008c600000, 0x000000008c600000| Untracked 
|  31|0x000000008c700000, 0x000000008c700000, 0x000000008c800000|  0%| F|  |TAMS 0x000000008c700000, 0x000000008c700000| Untracked 
|  32|0x000000008c800000, 0x000000008c800000, 0x000000008c900000|  0%| F|  |TAMS 0x000000008c800000, 0x000000008c800000| Untracked 
|  33|0x000000008c900000, 0x000000008c900000, 0x000000008ca00000|  0%| F|  |TAMS 0x000000008c900000, 0x000000008c900000| Untracked 
|  34|0x000000008ca00000, 0x000000008ca00000, 0x000000008cb00000|  0%| F|  |TAMS 0x000000008ca00000, 0x000000008ca00000| Untracked 
|  35|0x000000008cb00000, 0x000000008cb00000, 0x000000008cc00000|  0%| F|  |TAMS 0x000000008cb00000, 0x000000008cb00000| Untracked 
|  36|0x000000008cc00000, 0x000000008cc00000, 0x000000008cd00000|  0%| F|  |TAMS 0x000000008cc00000, 0x000000008cc00000| Untracked 
|  37|0x000000008cd00000, 0x000000008cd00000, 0x000000008ce00000|  0%| F|  |TAMS 0x000000008cd00000, 0x000000008cd00000| Untracked 
|  38|0x000000008ce00000, 0x000000008ce00000, 0x000000008cf00000|  0%| F|  |TAMS 0x000000008ce00000, 0x000000008ce00000| Untracked 
|  39|0x000000008cf00000, 0x000000008cf00000, 0x000000008d000000|  0%| F|  |TAMS 0x000000008cf00000, 0x000000008cf00000| Untracked 
|  40|0x000000008d000000, 0x000000008d000000, 0x000000008d100000|  0%| F|  |TAMS 0x000000008d000000, 0x000000008d000000| Untracked 
|  41|0x000000008d100000, 0x000000008d100000, 0x000000008d200000|  0%| F|  |TAMS 0x000000008d100000, 0x000000008d100000| Untracked 
|  42|0x000000008d200000, 0x000000008d200000, 0x000000008d300000|  0%| F|  |TAMS 0x000000008d200000, 0x000000008d200000| Untracked 
|  43|0x000000008d300000, 0x000000008d300000, 0x000000008d400000|  0%| F|  |TAMS 0x000000008d300000, 0x000000008d300000| Untracked 
|  44|0x000000008d400000, 0x000000008d400000, 0x000000008d500000|  0%| F|  |TAMS 0x000000008d400000, 0x000000008d400000| Untracked 
|  45|0x000000008d500000, 0x000000008d500000, 0x000000008d600000|  0%| F|  |TAMS 0x000000008d500000, 0x000000008d500000| Untracked 
|  46|0x000000008d600000, 0x000000008d600000, 0x000000008d700000|  0%| F|  |TAMS 0x000000008d600000, 0x000000008d600000| Untracked 
|  47|0x000000008d700000, 0x000000008d700000, 0x000000008d800000|  0%| F|  |TAMS 0x000000008d700000, 0x000000008d700000| Untracked 
|  48|0x000000008d800000, 0x000000008d800000, 0x000000008d900000|  0%| F|  |TAMS 0x000000008d800000, 0x000000008d800000| Untracked 
|  49|0x000000008d900000, 0x000000008d900000, 0x000000008da00000|  0%| F|  |TAMS 0x000000008d900000, 0x000000008d900000| Untracked 
|  50|0x000000008da00000, 0x000000008da00000, 0x000000008db00000|  0%| F|  |TAMS 0x000000008da00000, 0x000000008da00000| Untracked 
|  51|0x000000008db00000, 0x000000008db00000, 0x000000008dc00000|  0%| F|  |TAMS 0x000000008db00000, 0x000000008db00000| Untracked 
|  52|0x000000008dc00000, 0x000000008dc00000, 0x000000008dd00000|  0%| F|  |TAMS 0x000000008dc00000, 0x000000008dc00000| Untracked 
|  53|0x000000008dd00000, 0x000000008dd00000, 0x000000008de00000|  0%| F|  |TAMS 0x000000008dd00000, 0x000000008dd00000| Untracked 
|  54|0x000000008de00000, 0x000000008de00000, 0x000000008df00000|  0%| F|  |TAMS 0x000000008de00000, 0x000000008de00000| Untracked 
|  55|0x000000008df00000, 0x000000008df00000, 0x000000008e000000|  0%| F|  |TAMS 0x000000008df00000, 0x000000008df00000| Untracked 
|  56|0x000000008e000000, 0x000000008e000000, 0x000000008e100000|  0%| F|  |TAMS 0x000000008e000000, 0x000000008e000000| Untracked 
|  57|0x000000008e100000, 0x000000008e100000, 0x000000008e200000|  0%| F|  |TAMS 0x000000008e100000, 0x000000008e100000| Untracked 
|  58|0x000000008e200000, 0x000000008e200000, 0x000000008e300000|  0%| F|  |TAMS 0x000000008e200000, 0x000000008e200000| Untracked 
|  59|0x000000008e300000, 0x000000008e300000, 0x000000008e400000|  0%| F|  |TAMS 0x000000008e300000, 0x000000008e300000| Untracked 
|  60|0x000000008e400000, 0x000000008e400000, 0x000000008e500000|  0%| F|  |TAMS 0x000000008e400000, 0x000000008e400000| Untracked 
|  61|0x000000008e500000, 0x000000008e500000, 0x000000008e600000|  0%| F|  |TAMS 0x000000008e500000, 0x000000008e500000| Untracked 
|  62|0x000000008e600000, 0x000000008e600000, 0x000000008e700000|  0%| F|  |TAMS 0x000000008e600000, 0x000000008e600000| Untracked 
|  63|0x000000008e700000, 0x000000008e700000, 0x000000008e800000|  0%| F|  |TAMS 0x000000008e700000, 0x000000008e700000| Untracked 
|  64|0x000000008e800000, 0x000000008e800000, 0x000000008e900000|  0%| F|  |TAMS 0x000000008e800000, 0x000000008e800000| Untracked 
|  65|0x000000008e900000, 0x000000008e900000, 0x000000008ea00000|  0%| F|  |TAMS 0x000000008e900000, 0x000000008e900000| Untracked 
|  66|0x000000008ea00000, 0x000000008ea00000, 0x000000008eb00000|  0%| F|  |TAMS 0x000000008ea00000, 0x000000008ea00000| Untracked 
|  67|0x000000008eb00000, 0x000000008eb00000, 0x000000008ec00000|  0%| F|  |TAMS 0x000000008eb00000, 0x000000008eb00000| Untracked 
|  68|0x000000008ec00000, 0x000000008ec00000, 0x000000008ed00000|  0%| F|  |TAMS 0x000000008ec00000, 0x000000008ec00000| Untracked 
|  69|0x000000008ed00000, 0x000000008ed00000, 0x000000008ee00000|  0%| F|  |TAMS 0x000000008ed00000, 0x000000008ed00000| Untracked 
|  70|0x000000008ee00000, 0x000000008ee00000, 0x000000008ef00000|  0%| F|  |TAMS 0x000000008ee00000, 0x000000008ee00000| Untracked 
|  71|0x000000008ef00000, 0x000000008ef00000, 0x000000008f000000|  0%| F|  |TAMS 0x000000008ef00000, 0x000000008ef00000| Untracked 
|  72|0x000000008f000000, 0x000000008f000000, 0x000000008f100000|  0%| F|  |TAMS 0x000000008f000000, 0x000000008f000000| Untracked 
|  73|0x000000008f100000, 0x000000008f100000, 0x000000008f200000|  0%| F|  |TAMS 0x000000008f100000, 0x000000008f100000| Untracked 
|  74|0x000000008f200000, 0x000000008f200000, 0x000000008f300000|  0%| F|  |TAMS 0x000000008f200000, 0x000000008f200000| Untracked 
|  75|0x000000008f300000, 0x000000008f300000, 0x000000008f400000|  0%| F|  |TAMS 0x000000008f300000, 0x000000008f300000| Untracked 
|  76|0x000000008f400000, 0x000000008f400000, 0x000000008f500000|  0%| F|  |TAMS 0x000000008f400000, 0x000000008f400000| Untracked 
|  77|0x000000008f500000, 0x000000008f500000, 0x000000008f600000|  0%| F|  |TAMS 0x000000008f500000, 0x000000008f500000| Untracked 
|  78|0x000000008f600000, 0x000000008f600000, 0x000000008f700000|  0%| F|  |TAMS 0x000000008f600000, 0x000000008f600000| Untracked 
|  79|0x000000008f700000, 0x000000008f700000, 0x000000008f800000|  0%| F|  |TAMS 0x000000008f700000, 0x000000008f700000| Untracked 
|  80|0x000000008f800000, 0x000000008f800000, 0x000000008f900000|  0%| F|  |TAMS 0x000000008f800000, 0x000000008f800000| Untracked 
|  81|0x000000008f900000, 0x000000008f900000, 0x000000008fa00000|  0%| F|  |TAMS 0x000000008f900000, 0x000000008f900000| Untracked 
|  82|0x000000008fa00000, 0x000000008fa00000, 0x000000008fb00000|  0%| F|  |TAMS 0x000000008fa00000, 0x000000008fa00000| Untracked 
|  83|0x000000008fb00000, 0x000000008fb00000, 0x000000008fc00000|  0%| F|  |TAMS 0x000000008fb00000, 0x000000008fb00000| Untracked 
|  84|0x000000008fc00000, 0x000000008fc00000, 0x000000008fd00000|  0%| F|  |TAMS 0x000000008fc00000, 0x000000008fc00000| Untracked 
|  85|0x000000008fd00000, 0x000000008fd00000, 0x000000008fe00000|  0%| F|  |TAMS 0x000000008fd00000, 0x000000008fd00000| Untracked 
|  86|0x000000008fe00000, 0x000000008fe00000, 0x000000008ff00000|  0%| F|  |TAMS 0x000000008fe00000, 0x000000008fe00000| Untracked 
|  87|0x000000008ff00000, 0x000000008ff00000, 0x0000000090000000|  0%| F|  |TAMS 0x000000008ff00000, 0x000000008ff00000| Untracked 
|  88|0x0000000090000000, 0x0000000090000000, 0x0000000090100000|  0%| F|  |TAMS 0x0000000090000000, 0x0000000090000000| Untracked 
|  89|0x0000000090100000, 0x0000000090100000, 0x0000000090200000|  0%| F|  |TAMS 0x0000000090100000, 0x0000000090100000| Untracked 
|  90|0x0000000090200000, 0x0000000090200000, 0x0000000090300000|  0%| F|  |TAMS 0x0000000090200000, 0x0000000090200000| Untracked 
|  91|0x0000000090300000, 0x0000000090300000, 0x0000000090400000|  0%| F|  |TAMS 0x0000000090300000, 0x0000000090300000| Untracked 
|  92|0x0000000090400000, 0x0000000090400000, 0x0000000090500000|  0%| F|  |TAMS 0x0000000090400000, 0x0000000090400000| Untracked 
|  93|0x0000000090500000, 0x0000000090500000, 0x0000000090600000|  0%| F|  |TAMS 0x0000000090500000, 0x0000000090500000| Untracked 
|  94|0x0000000090600000, 0x0000000090600000, 0x0000000090700000|  0%| F|  |TAMS 0x0000000090600000, 0x0000000090600000| Untracked 
|  95|0x0000000090700000, 0x0000000090700000, 0x0000000090800000|  0%| F|  |TAMS 0x0000000090700000, 0x0000000090700000| Untracked 
|  96|0x0000000090800000, 0x0000000090800000, 0x0000000090900000|  0%| F|  |TAMS 0x0000000090800000, 0x0000000090800000| Untracked 
|  97|0x0000000090900000, 0x0000000090900000, 0x0000000090a00000|  0%| F|  |TAMS 0x0000000090900000, 0x0000000090900000| Untracked 
|  98|0x0000000090a00000, 0x0000000090a00000, 0x0000000090b00000|  0%| F|  |TAMS 0x0000000090a00000, 0x0000000090a00000| Untracked 
|  99|0x0000000090b00000, 0x0000000090b00000, 0x0000000090c00000|  0%| F|  |TAMS 0x0000000090b00000, 0x0000000090b00000| Untracked 
| 100|0x0000000090c00000, 0x0000000090c00000, 0x0000000090d00000|  0%| F|  |TAMS 0x0000000090c00000, 0x0000000090c00000| Untracked 
| 101|0x0000000090d00000, 0x0000000090d00000, 0x0000000090e00000|  0%| F|  |TAMS 0x0000000090d00000, 0x0000000090d00000| Untracked 
| 102|0x0000000090e00000, 0x0000000090e00000, 0x0000000090f00000|  0%| F|  |TAMS 0x0000000090e00000, 0x0000000090e00000| Untracked 
| 103|0x0000000090f00000, 0x0000000090f00000, 0x0000000091000000|  0%| F|  |TAMS 0x0000000090f00000, 0x0000000090f00000| Untracked 
| 104|0x0000000091000000, 0x0000000091000000, 0x0000000091100000|  0%| F|  |TAMS 0x0000000091000000, 0x0000000091000000| Untracked 
| 105|0x0000000091100000, 0x0000000091100000, 0x0000000091200000|  0%| F|  |TAMS 0x0000000091100000, 0x0000000091100000| Untracked 
| 106|0x0000000091200000, 0x0000000091200000, 0x0000000091300000|  0%| F|  |TAMS 0x0000000091200000, 0x0000000091200000| Untracked 
| 107|0x0000000091300000, 0x0000000091300000, 0x0000000091400000|  0%| F|  |TAMS 0x0000000091300000, 0x0000000091300000| Untracked 
| 108|0x0000000091400000, 0x0000000091400000, 0x0000000091500000|  0%| F|  |TAMS 0x0000000091400000, 0x0000000091400000| Untracked 
| 109|0x0000000091500000, 0x0000000091500000, 0x0000000091600000|  0%| F|  |TAMS 0x0000000091500000, 0x0000000091500000| Untracked 
| 110|0x0000000091600000, 0x00000000916ee580, 0x0000000091700000| 93%| E|  |TAMS 0x0000000091600000, 0x0000000091600000| Complete 
| 111|0x0000000091700000, 0x0000000091800000, 0x0000000091800000|100%| E|CS|TAMS 0x0000000091700000, 0x0000000091700000| Complete 
| 112|0x0000000091800000, 0x0000000091900000, 0x0000000091900000|100%| E|CS|TAMS 0x0000000091800000, 0x0000000091800000| Complete 
| 113|0x0000000091900000, 0x0000000091a00000, 0x0000000091a00000|100%| E|CS|TAMS 0x0000000091900000, 0x0000000091900000| Complete 
| 114|0x0000000091a00000, 0x0000000091b00000, 0x0000000091b00000|100%| E|CS|TAMS 0x0000000091a00000, 0x0000000091a00000| Complete 
| 115|0x0000000091b00000, 0x0000000091c00000, 0x0000000091c00000|100%| E|CS|TAMS 0x0000000091b00000, 0x0000000091b00000| Complete 
| 116|0x0000000091c00000, 0x0000000091d00000, 0x0000000091d00000|100%| E|CS|TAMS 0x0000000091c00000, 0x0000000091c00000| Complete 
| 117|0x0000000091d00000, 0x0000000091e00000, 0x0000000091e00000|100%| E|CS|TAMS 0x0000000091d00000, 0x0000000091d00000| Complete 

Card table byte_map: [0x0000022322bf0000,0x0000022322fa0000] _byte_map_base: 0x000002232279c000

Marking Bits (Prev, Next): (CMBitMap*) 0x000002230fc996a0, (CMBitMap*) 0x000002230fc996e0
 Prev Bits: [0x0000022323350000, 0x00000223250b0000)
 Next Bits: [0x00000223250b0000, 0x0000022326e10000)

Polling page: 0x000002230db60000

Metaspace:

Usage:
  Non-class:     10.62 MB used.
      Class:      1.14 MB used.
       Both:     11.77 MB used.

Virtual space:
  Non-class space:       16.00 MB reserved,      10.69 MB ( 67%) committed,  2 nodes.
      Class space:        1.00 GB reserved,       1.25 MB ( <1%) committed,  1 nodes.
             Both:        1.02 GB reserved,      11.94 MB (  1%) committed. 

Chunk freelists:
   Non-Class:  926.00 KB
       Class:  2.75 MB
        Both:  3.65 MB

MaxMetaspaceSize: unlimited
CompressedClassSpaceSize: 1.00 GB
Initial GC threshold: 21.00 MB
Current GC threshold: 21.00 MB
CDS: off
MetaspaceReclaimPolicy: balanced
 - commit_granule_bytes: 65536.
 - commit_granule_words: 8192.
 - virtual_space_node_default_size: 1048576.
 - enlarge_chunks_in_place: 1.
 - new_chunks_are_fully_committed: 0.
 - uncommit_free_chunks: 1.
 - use_allocation_guard: 0.
 - handle_deallocations: 1.


Internal statistics:

num_allocs_failed_limit: 0.
num_arena_births: 90.
num_arena_deaths: 0.
num_vsnodes_births: 3.
num_vsnodes_deaths: 0.
num_space_committed: 191.
num_space_uncommitted: 0.
num_chunks_returned_to_freelist: 0.
num_chunks_taken_from_freelist: 143.
num_chunk_merges: 0.
num_chunk_splits: 78.
num_chunks_enlarged: 40.
num_purges: 0.
num_inconsistent_stats: 0.

CodeHeap 'non-profiled nmethods': size=120000Kb used=152Kb max_used=152Kb free=119847Kb
 bounds [0x000002231adc0000, 0x000002231b030000, 0x00000223222f0000]
CodeHeap 'profiled nmethods': size=120000Kb used=832Kb max_used=832Kb free=119167Kb
 bounds [0x00000223132f0000, 0x0000022313560000, 0x000002231a820000]
CodeHeap 'non-nmethods': size=5760Kb used=1208Kb max_used=1222Kb free=4551Kb
 bounds [0x000002231a820000, 0x000002231aa90000, 0x000002231adc0000]
 total_blobs=1068 nmethods=551 adapters=430
 compilation: enabled
              stopped_count=0, restarted_count=0
 full_count=0

Compilation events (20 events):
Event: 0.228 Thread 0x000002232a438f00  540       4       java.lang.StringLatin1::replace (198 bytes)
Event: 0.233 Thread 0x000002232a4399a0  542       3       java.lang.CharacterData::of (136 bytes)
Event: 0.233 Thread 0x000002232a4399a0 nmethod 542 0x00000223133bc590 code [0x00000223133bc7c0, 0x00000223133bd158]
Event: 0.233 Thread 0x000002232a4399a0  543       3       sun.reflect.generics.parser.SignatureParser::current (59 bytes)
Event: 0.233 Thread 0x000002232a4399a0 nmethod 543 0x00000223133bd390 code [0x00000223133bd5a0, 0x00000223133bdc78]
Event: 0.233 Thread 0x000002232a4399a0  544       3       sun.reflect.generics.parser.SignatureParser::advance (53 bytes)
Event: 0.233 Thread 0x000002232a4399a0 nmethod 544 0x00000223133bdf10 code [0x00000223133be0c0, 0x00000223133be318]
Event: 0.234 Thread 0x000002232a4399a0  546       3       java.lang.invoke.MemberName::<init> (50 bytes)
Event: 0.234 Thread 0x000002232a4399a0 nmethod 546 0x00000223133be410 code [0x00000223133be5e0, 0x00000223133be8f8]
Event: 0.234 Thread 0x000002232a4399a0  547       3       java.lang.ref.SoftReference::<init> (13 bytes)
Event: 0.234 Thread 0x000002232a4399a0 nmethod 547 0x00000223133bea90 code [0x00000223133bec40, 0x00000223133bef58]
Event: 0.234 Thread 0x000002232a4399a0  548       3       java.lang.invoke.MethodHandleNatives::findMethodHandleType (7 bytes)
Event: 0.234 Thread 0x000002232a4399a0 nmethod 548 0x00000223133bf090 code [0x00000223133bf220, 0x00000223133bf348]
Event: 0.235 Thread 0x000002232a4399a0  549       3       java.lang.Character::isWhitespace (5 bytes)
Event: 0.235 Thread 0x000002232a4399a0 nmethod 549 0x00000223133bf410 code [0x00000223133bf5c0, 0x00000223133bf818]
Event: 0.235 Thread 0x000002232a4399a0  550       3       java.lang.Character::isWhitespace (9 bytes)
Event: 0.235 Thread 0x000002232a4399a0 nmethod 550 0x00000223133bf910 code [0x00000223133bfac0, 0x00000223133bfcb8]
Event: 0.235 Thread 0x000002232a4399a0  551       3       java.lang.Enum::<init> (15 bytes)
Event: 0.235 Thread 0x000002232a4399a0 nmethod 551 0x00000223133bfd90 code [0x00000223133bff20, 0x00000223133c00d8]
Event: 0.235 Thread 0x000002232a438f00 nmethod 540 0x000002231ade5790 code [0x000002231ade5940, 0x000002231ade5e88]

GC Heap History (0 events):
No events

Dll operation events (6 events):
Event: 0.004 Loaded shared library C:\Users\Aluno\.p2\pool\plugins\org.eclipse.justj.openjdk.hotspot.jre.full.win32.x86_64_17.0.6.v20230204-1729\jre\bin\java.dll
Event: 0.069 Loaded shared library C:\Users\Aluno\.p2\pool\plugins\org.eclipse.justj.openjdk.hotspot.jre.full.win32.x86_64_17.0.6.v20230204-1729\jre\bin\jimage.dll
Event: 0.076 Loaded shared library C:\Users\Aluno\.p2\pool\plugins\org.eclipse.justj.openjdk.hotspot.jre.full.win32.x86_64_17.0.6.v20230204-1729\jre\bin\net.dll
Event: 0.077 Loaded shared library C:\Users\Aluno\.p2\pool\plugins\org.eclipse.justj.openjdk.hotspot.jre.full.win32.x86_64_17.0.6.v20230204-1729\jre\bin\nio.dll
Event: 0.079 Loaded shared library C:\Users\Aluno\.p2\pool\plugins\org.eclipse.justj.openjdk.hotspot.jre.full.win32.x86_64_17.0.6.v20230204-1729\jre\bin\zip.dll
Event: 0.100 Loaded shared library C:\Users\Aluno\.p2\pool\plugins\org.eclipse.justj.openjdk.hotspot.jre.full.win32.x86_64_17.0.6.v20230204-1729\jre\bin\awt.dll

Deoptimization events (20 events):
Event: 0.220 Thread 0x000002232aa5b470 DEOPT PACKING pc=0x00000223133a7320 sp=0x0000004a7bcfe4c0
Event: 0.220 Thread 0x000002232aa5b470 DEOPT UNPACKING pc=0x000002231a877143 sp=0x0000004a7bcfd9c8 mode 0
Event: 0.220 Thread 0x000002232aa5b470 DEOPT PACKING pc=0x00000223133a7320 sp=0x0000004a7bcfe540
Event: 0.220 Thread 0x000002232aa5b470 DEOPT UNPACKING pc=0x000002231a877143 sp=0x0000004a7bcfda18 mode 0
Event: 0.220 Thread 0x000002232aa5b470 DEOPT PACKING pc=0x00000223133a7320 sp=0x0000004a7bcfe540
Event: 0.220 Thread 0x000002232aa5b470 DEOPT UNPACKING pc=0x000002231a877143 sp=0x0000004a7bcfda18 mode 0
Event: 0.220 Thread 0x000002232aa5b470 DEOPT PACKING pc=0x00000223133a7320 sp=0x0000004a7bcfe540
Event: 0.220 Thread 0x000002232aa5b470 DEOPT UNPACKING pc=0x000002231a877143 sp=0x0000004a7bcfda18 mode 0
Event: 0.220 Thread 0x000002232aa5b470 DEOPT PACKING pc=0x00000223133a7320 sp=0x0000004a7bcfe540
Event: 0.220 Thread 0x000002232aa5b470 DEOPT UNPACKING pc=0x000002231a877143 sp=0x0000004a7bcfda18 mode 0
Event: 0.220 Thread 0x000002232aa5b470 DEOPT PACKING pc=0x00000223133a7320 sp=0x0000004a7bcfe540
Event: 0.220 Thread 0x000002232aa5b470 DEOPT UNPACKING pc=0x000002231a877143 sp=0x0000004a7bcfda18 mode 0
Event: 0.221 Thread 0x000002232aa5b470 DEOPT PACKING pc=0x00000223133a7320 sp=0x0000004a7bcfe540
Event: 0.221 Thread 0x000002232aa5b470 DEOPT UNPACKING pc=0x000002231a877143 sp=0x0000004a7bcfda18 mode 0
Event: 0.221 Thread 0x000002232aa5b470 DEOPT PACKING pc=0x00000223133a7320 sp=0x0000004a7bcfe540
Event: 0.221 Thread 0x000002232aa5b470 DEOPT UNPACKING pc=0x000002231a877143 sp=0x0000004a7bcfda18 mode 0
Event: 0.221 Thread 0x000002232aa5b470 DEOPT PACKING pc=0x00000223133a7320 sp=0x0000004a7bcfe540
Event: 0.221 Thread 0x000002232aa5b470 DEOPT UNPACKING pc=0x000002231a877143 sp=0x0000004a7bcfda18 mode 0
Event: 0.221 Thread 0x000002232aa5b470 DEOPT PACKING pc=0x00000223133a7320 sp=0x0000004a7bcfe540
Event: 0.221 Thread 0x000002232aa5b470 DEOPT UNPACKING pc=0x000002231a877143 sp=0x0000004a7bcfda18 mode 0

Classes unloaded (0 events):
No events

Classes redefined (0 events):
No events

Internal exceptions (13 events):
Event: 0.095 Thread 0x000002230fc3f250 Exception <a 'java/lang/ClassNotFoundException'{0x0000000091ca2208}: sun/awt/resources/spi/awtProvider> (0x0000000091ca2208) 
thrown [s\src\hotspot\share\classfile\systemDictionary.cpp, line 256]
Event: 0.111 Thread 0x000002230fc3f250 Exception <a 'java/io/FileNotFoundException'{0x0000000091cfcd20}> (0x0000000091cfcd20) 
thrown [s\src\hotspot\share\prims\jni.cpp, line 516]
Event: 0.114 Thread 0x000002230fc3f250 Exception <a 'java/io/FileNotFoundException'{0x0000000091b2a470}> (0x0000000091b2a470) 
thrown [s\src\hotspot\share\prims\jni.cpp, line 516]
Event: 0.136 Thread 0x000002230fc3f250 Exception <a 'java/lang/NoSuchMethodError'{0x0000000091b60848}: 'java.lang.Object java.lang.invoke.DirectMethodHandle$Holder.invokeStaticInit(java.lang.Object)'> (0x0000000091b60848) 
thrown [s\src\hotspot\share\interpreter\linkResolver.cpp, line 759]
Event: 0.165 Thread 0x000002232aa5b470 Exception <a 'java/lang/NoSuchMethodError'{0x0000000091a409a8}: 'void java.lang.invoke.DirectMethodHandle$Holder.invokeSpecial(java.lang.Object, java.lang.Object, java.lang.Object)'> (0x0000000091a409a8) 
thrown [s\src\hotspot\share\interpreter\linkResolver.cpp, line 759]
Event: 0.171 Thread 0x000002232aa5b470 Exception <a 'java/lang/NoSuchMethodError'{0x0000000091a6aae0}: 'java.lang.Object java.lang.invoke.DirectMethodHandle$Holder.newInvokeSpecial(java.lang.Object, java.lang.Object, java.lang.Object, java.lang.Object, java.lang.Object)'> (0x0000000091a6aae0) 
thrown [s\src\hotspot\share\interpreter\linkResolver.cpp, line 759]
Event: 0.172 Thread 0x000002232aa5b470 Exception <a 'java/lang/NoSuchMethodError'{0x0000000091a76700}: 'java.lang.Object java.lang.invoke.DirectMethodHandle$Holder.invokeStatic(java.lang.Object, int, java.lang.Object, java.lang.Object, java.lang.Object, java.lang.Object)'> (0x0000000091a76700) 
thrown [s\src\hotspot\share\interpreter\linkResolver.cpp, line 759]
Event: 0.175 Thread 0x000002232aa5b470 Exception <a 'java/lang/NoSuchMethodError'{0x0000000091a9bec0}: 'java.lang.Object java.lang.invoke.DirectMethodHandle$Holder.invokeStatic(java.lang.Object, int, java.lang.Object)'> (0x0000000091a9bec0) 
thrown [s\src\hotspot\share\interpreter\linkResolver.cpp, line 759]
Event: 0.189 Thread 0x000002232aa5b470 Exception <a 'java/lang/ClassNotFoundException'{0x0000000091954008}: com/sun/swing/internal/plaf/metal/resources/spi/metalProvider> (0x0000000091954008) 
thrown [s\src\hotspot\share\classfile\systemDictionary.cpp, line 256]
Event: 0.190 Thread 0x000002232aa5b470 Exception <a 'java/lang/ClassNotFoundException'{0x00000000919589f0}: com/sun/swing/internal/plaf/basic/resources/spi/basicProvider> (0x00000000919589f0) 
thrown [s\src\hotspot\share\classfile\systemDictionary.cpp, line 256]
Event: 0.230 Thread 0x000002232aa5b470 Exception <a 'java/lang/ClassNotFoundException'{0x00000000916d23a8}: java/lang/ObjectCustomizer> (0x00000000916d23a8) 
thrown [s\src\hotspot\share\classfile\systemDictionary.cpp, line 256]
Event: 0.233 Thread 0x000002232aa5b470 Exception <a 'java/lang/NoSuchMethodError'{0x00000000916d9d68}: 'java.lang.Object java.lang.invoke.DirectMethodHandle$Holder.invokeInterface(java.lang.Object, java.lang.Object)'> (0x00000000916d9d68) 
thrown [s\src\hotspot\share\interpreter\linkResolver.cpp, line 759]
Event: 0.234 Thread 0x000002232aa5b470 Exception <a 'java/lang/IncompatibleClassChangeError'{0x00000000916dd600}: Found class java.lang.Object, but interface was expected> (0x00000000916dd600) 
thrown [s\src\hotspot\share\interpreter\linkResolver.cpp, line 826]

VM Operations (6 events):
Event: 0.189 Executing VM operation: HandshakeAllThreads
Event: 0.189 Executing VM operation: HandshakeAllThreads done
Event: 0.196 Executing VM operation: HandshakeAllThreads
Event: 0.196 Executing VM operation: HandshakeAllThreads done
Event: 0.222 Executing VM operation: HandshakeAllThreads
Event: 0.222 Executing VM operation: HandshakeAllThreads done

Events (20 events):
Event: 0.235 loading class java/lang/annotation/Target done
Event: 0.235 loading class java/lang/annotation/RetentionPolicy
Event: 0.235 loading class java/lang/annotation/RetentionPolicy done
Event: 0.235 loading class sun/reflect/annotation/AnnotationTypeMismatchExceptionProxy
Event: 0.235 loading class sun/reflect/annotation/ExceptionProxy
Event: 0.235 loading class sun/reflect/annotation/ExceptionProxy done
Event: 0.235 loading class sun/reflect/annotation/AnnotationTypeMismatchExceptionProxy done
Event: 0.235 loading class sun/reflect/annotation/AnnotationParser$1
Event: 0.236 loading class sun/reflect/annotation/AnnotationParser$1 done
Event: 0.236 loading class sun/reflect/annotation/AnnotationInvocationHandler
Event: 0.236 loading class java/lang/reflect/InvocationHandler
Event: 0.236 loading class java/lang/reflect/InvocationHandler done
Event: 0.236 loading class sun/reflect/annotation/AnnotationInvocationHandler done
Event: 0.236 loading class java/lang/reflect/Proxy
Event: 0.236 loading class java/lang/reflect/Proxy done
Event: 0.236 loading class java/lang/reflect/Proxy$1
Event: 0.236 loading class java/lang/reflect/Proxy$1 done
Event: 0.236 loading class jdk/internal/loader/AbstractClassLoaderValue$Sub
Event: 0.236 loading class jdk/internal/loader/AbstractClassLoaderValue$Sub done
Event: 0.237 loading class java/lang/reflect/Proxy$ProxyBuilder


Dynamic libraries:
0x00007ff708e90000 - 0x00007ff708e9e000 	C:\Users\Aluno\.p2\pool\plugins\org.eclipse.justj.openjdk.hotspot.jre.full.win32.x86_64_17.0.6.v20230204-1729\jre\bin\javaw.exe
0x00007ffc9fd70000 - 0x00007ffc9ff86000 	C:\WINDOWS\SYSTEM32\ntdll.dll
0x00007ffc9eef0000 - 0x00007ffc9efb4000 	C:\WINDOWS\System32\KERNEL32.DLL
0x00007ffc9d360000 - 0x00007ffc9d706000 	C:\WINDOWS\System32\KERNELBASE.dll
0x00007ffc9d710000 - 0x00007ffc9d821000 	C:\WINDOWS\System32\ucrtbase.dll
0x00007ffc9a0c0000 - 0x00007ffc9a0d7000 	C:\Users\Aluno\.p2\pool\plugins\org.eclipse.justj.openjdk.hotspot.jre.full.win32.x86_64_17.0.6.v20230204-1729\jre\bin\jli.dll
0x00007ffc99a70000 - 0x00007ffc99a89000 	C:\Users\Aluno\.p2\pool\plugins\org.eclipse.justj.openjdk.hotspot.jre.full.win32.x86_64_17.0.6.v20230204-1729\jre\bin\VCRUNTIME140.dll
0x00007ffc9f0a0000 - 0x00007ffc9f24d000 	C:\WINDOWS\System32\USER32.dll
0x00007ffc898a0000 - 0x00007ffc89b33000 	C:\WINDOWS\WinSxS\amd64_microsoft.windows.common-controls_6595b64144ccf1df_6.0.22621.3235_none_270f74e173860f98\COMCTL32.dll
0x00007ffc9d830000 - 0x00007ffc9d856000 	C:\WINDOWS\System32\win32u.dll
0x00007ffc9fc80000 - 0x00007ffc9fd27000 	C:\WINDOWS\System32\msvcrt.dll
0x00007ffc9f070000 - 0x00007ffc9f099000 	C:\WINDOWS\System32\GDI32.dll
0x00007ffc9d240000 - 0x00007ffc9d358000 	C:\WINDOWS\System32\gdi32full.dll
0x00007ffc9d120000 - 0x00007ffc9d1ba000 	C:\WINDOWS\System32\msvcp_win.dll
0x00007ffc9e050000 - 0x00007ffc9e081000 	C:\WINDOWS\System32\IMM32.DLL
0x00007ffc9a3b0000 - 0x00007ffc9a3bc000 	C:\Users\Aluno\.p2\pool\plugins\org.eclipse.justj.openjdk.hotspot.jre.full.win32.x86_64_17.0.6.v20230204-1729\jre\bin\vcruntime140_1.dll
0x00007ffc8e880000 - 0x00007ffc8e911000 	C:\Users\Aluno\.p2\pool\plugins\org.eclipse.justj.openjdk.hotspot.jre.full.win32.x86_64_17.0.6.v20230204-1729\jre\bin\msvcp140.dll
0x00007ffc37690000 - 0x00007ffc382d7000 	C:\Users\Aluno\.p2\pool\plugins\org.eclipse.justj.openjdk.hotspot.jre.full.win32.x86_64_17.0.6.v20230204-1729\jre\bin\server\jvm.dll
0x00007ffc9dac0000 - 0x00007ffc9db72000 	C:\WINDOWS\System32\ADVAPI32.dll
0x00007ffc9efc0000 - 0x00007ffc9f068000 	C:\WINDOWS\System32\sechost.dll
0x00007ffc9d860000 - 0x00007ffc9d888000 	C:\WINDOWS\System32\bcrypt.dll
0x00007ffc9f340000 - 0x00007ffc9f455000 	C:\WINDOWS\System32\RPCRT4.dll
0x00007ffc8df60000 - 0x00007ffc8df69000 	C:\WINDOWS\SYSTEM32\WSOCK32.dll
0x00007ffc9e910000 - 0x00007ffc9e981000 	C:\WINDOWS\System32\WS2_32.dll
0x00007ffc93550000 - 0x00007ffc93584000 	C:\WINDOWS\SYSTEM32\WINMM.dll
0x00007ffc94ae0000 - 0x00007ffc94aea000 	C:\WINDOWS\SYSTEM32\VERSION.dll
0x00007ffc9c1a0000 - 0x00007ffc9c1b8000 	C:\WINDOWS\SYSTEM32\kernel.appcore.dll
0x00007ffc8de00000 - 0x00007ffc8de0a000 	C:\Users\Aluno\.p2\pool\plugins\org.eclipse.justj.openjdk.hotspot.jre.full.win32.x86_64_17.0.6.v20230204-1729\jre\bin\jimage.dll
0x00007ffc86eb0000 - 0x00007ffc870e3000 	C:\WINDOWS\SYSTEM32\DBGHELP.DLL
0x00007ffc9eb50000 - 0x00007ffc9eed8000 	C:\WINDOWS\System32\combase.dll
0x00007ffc9f530000 - 0x00007ffc9f607000 	C:\WINDOWS\System32\OLEAUT32.dll
0x00007ffc863c0000 - 0x00007ffc863f2000 	C:\WINDOWS\SYSTEM32\dbgcore.DLL
0x00007ffc9d1c0000 - 0x00007ffc9d23a000 	C:\WINDOWS\System32\bcryptPrimitives.dll
0x00007ffc80420000 - 0x00007ffc80445000 	C:\Users\Aluno\.p2\pool\plugins\org.eclipse.justj.openjdk.hotspot.jre.full.win32.x86_64_17.0.6.v20230204-1729\jre\bin\java.dll
0x00007ffc8b590000 - 0x00007ffc8b5a8000 	C:\Users\Aluno\.p2\pool\plugins\org.eclipse.justj.openjdk.hotspot.jre.full.win32.x86_64_17.0.6.v20230204-1729\jre\bin\zip.dll
0x00007ffc9e0a0000 - 0x00007ffc9e8fd000 	C:\WINDOWS\System32\SHELL32.dll
0x00007ffc9afd0000 - 0x00007ffc9b8c8000 	C:\WINDOWS\SYSTEM32\windows.storage.dll
0x00007ffc9ae90000 - 0x00007ffc9afce000 	C:\WINDOWS\SYSTEM32\wintypes.dll
0x00007ffc9def0000 - 0x00007ffc9dfe3000 	C:\WINDOWS\System32\SHCORE.dll
0x00007ffc9de90000 - 0x00007ffc9deee000 	C:\WINDOWS\System32\shlwapi.dll
0x00007ffc9cfe0000 - 0x00007ffc9d006000 	C:\WINDOWS\SYSTEM32\profapi.dll
0x00007ffc8b4f0000 - 0x00007ffc8b509000 	C:\Users\Aluno\.p2\pool\plugins\org.eclipse.justj.openjdk.hotspot.jre.full.win32.x86_64_17.0.6.v20230204-1729\jre\bin\net.dll
0x00007ffc97500000 - 0x00007ffc97637000 	C:\WINDOWS\SYSTEM32\WINHTTP.dll
0x00007ffc9c610000 - 0x00007ffc9c679000 	C:\WINDOWS\system32\mswsock.dll
0x00007ffc8b470000 - 0x00007ffc8b485000 	C:\Users\Aluno\.p2\pool\plugins\org.eclipse.justj.openjdk.hotspot.jre.full.win32.x86_64_17.0.6.v20230204-1729\jre\bin\nio.dll
0x00007ffc3d6c0000 - 0x00007ffc3d84e000 	C:\Users\Aluno\.p2\pool\plugins\org.eclipse.justj.openjdk.hotspot.jre.full.win32.x86_64_17.0.6.v20230204-1729\jre\bin\awt.dll
0x00007ffc9a3f0000 - 0x00007ffc9a487000 	C:\WINDOWS\SYSTEM32\apphelp.dll
0x00007ffc9a550000 - 0x00007ffc9a5fb000 	C:\WINDOWS\system32\uxtheme.dll
0x00007ffc9f620000 - 0x00007ffc9f774000 	C:\WINDOWS\System32\MSCTF.dll
0x00007ffc9dba0000 - 0x00007ffc9dd3f000 	C:\WINDOWS\System32\ole32.dll
0x00007ffc9a790000 - 0x00007ffc9a7bb000 	C:\WINDOWS\system32\DWMAPI.DLL
0x00007ffc872f0000 - 0x00007ffc873f0000 	C:\WINDOWS\system32\opengl32.dll
0x00007ffc86dd0000 - 0x00007ffc86dfd000 	C:\WINDOWS\SYSTEM32\GLU32.dll
0x00007ffc9a800000 - 0x00007ffc9a839000 	C:\WINDOWS\SYSTEM32\dxcore.dll

dbghelp: loaded successfully - version: 4.0.5 - missing functions: none
symbol engine: initialized successfully - sym options: 0x614 - pdb path: .;C:\Users\Aluno\.p2\pool\plugins\org.eclipse.justj.openjdk.hotspot.jre.full.win32.x86_64_17.0.6.v20230204-1729\jre\bin;C:\WINDOWS\SYSTEM32;C:\WINDOWS\WinSxS\amd64_microsoft.windows.common-controls_6595b64144ccf1df_6.0.22621.3235_none_270f74e173860f98;C:\Users\Aluno\.p2\pool\plugins\org.eclipse.justj.openjdk.hotspot.jre.full.win32.x86_64_17.0.6.v20230204-1729\jre\bin\server

VM Arguments:
jvm_args: -Dfile.encoding=UTF-8 -XX:+ShowCodeDetailsInExceptionMessages 
java_command: visao.TelaProdutos
java_class_path (initial): C:\Users\Aluno\Desktop\Projeto-Integrador---Arm-rio-Digital\bin;C:\Users\Aluno\Desktop\Projeto-Integrador---Arm-rio-Digital\com.miglayout.swing_11.3.0.jar;C:\Users\Aluno\Desktop\Projeto-Integrador---Arm-rio-Digital\com.miglayout.core_11.3.0.jar;C:\Users\Aluno\Desktop\Projeto-Integrador---Arm-rio-Digital\mysql-connector-j-9.0.0.jar;C:\Users\Aluno\.p2\pool\plugins\org.junit_4.13.2.v20211018-1956.jar
Launcher Type: SUN_STANDARD

[Global flags]
     intx CICompilerCount                          = 4                                         {product} {ergonomic}
     uint ConcGCThreads                            = 3                                         {product} {ergonomic}
     uint G1ConcRefinementThreads                  = 10                                        {product} {ergonomic}
   size_t G1HeapRegionSize                         = 1048576                                   {product} {ergonomic}
    uintx GCDrainStackTargetSize                   = 64                                        {product} {ergonomic}
   size_t InitialHeapSize                          = 123731968                                 {product} {ergonomic}
   size_t MarkStackSize                            = 4194304                                   {product} {ergonomic}
   size_t MaxHeapSize                              = 1971322880                                {product} {ergonomic}
   size_t MaxNewSize                               = 1182793728                                {product} {ergonomic}
   size_t MinHeapDeltaBytes                        = 1048576                                   {product} {ergonomic}
   size_t MinHeapSize                              = 8388608                                   {product} {ergonomic}
    uintx NonNMethodCodeHeapSize                   = 5839372                                {pd product} {ergonomic}
    uintx NonProfiledCodeHeapSize                  = 122909434                              {pd product} {ergonomic}
    uintx ProfiledCodeHeapSize                     = 122909434                              {pd product} {ergonomic}
    uintx ReservedCodeCacheSize                    = 251658240                              {pd product} {ergonomic}
     bool SegmentedCodeCache                       = true                                      {product} {ergonomic}
     bool ShowCodeDetailsInExceptionMessages       = true                                   {manageable} {command line}
   size_t SoftMaxHeapSize                          = 1971322880                             {manageable} {ergonomic}
     bool UseCompressedClassPointers               = true                           {product lp64_product} {ergonomic}
     bool UseCompressedOops                        = true                           {product lp64_product} {ergonomic}
     bool UseG1GC                                  = true                                      {product} {ergonomic}
     bool UseLargePagesIndividualAllocation        = false                                  {pd product} {ergonomic}

Logging:
Log output configuration:
 #0: stdout all=warning uptime,level,tags
 #1: stderr all=off uptime,level,tags

Environment Variables:
JAVA_HOME=C:\Users\Aluno\.p2\pool\plugins\org.eclipse.justj.openjdk.hotspot.jre.full.win32.x86_64_17.0.6.v20230204-1729\jre
PATH=C:/Users/Aluno/.p2/pool/plugins/org.eclipse.justj.openjdk.hotspot.jre.full.win32.x86_64_17.0.6.v20230204-1729/jre/bin/server;C:/Users/Aluno/.p2/pool/plugins/org.eclipse.justj.openjdk.hotspot.jre.full.win32.x86_64_17.0.6.v20230204-1729/jre/bin;C:\Program Files\Common Files\Oracle\Java\javapath;C:\WINDOWS\system32;C:\WINDOWS;C:\WINDOWS\System32\Wbem;C:\WINDOWS\System32\WindowsPowerShell\v1.0\;C:\WINDOWS\System32\OpenSSH\;C:\Program Files\Git\cmd;C:\Program Files (x86)\IVI Foundation\VISA\WinNT\Bin;C:\Program Files\nodejs\;C:\Program Files\Microsoft SQL Server\130\Tools\Binn\;C:\Program Files\Microsoft SQL Server\Client SDK\ODBC\170\Tools\Binn\;C:\Program Files\PuTTY\;C:\Program Files\Shield;C:\Program Files\MySQL\MySQL Shell 8.0\bin\;C:\Users\Aluno\AppData\Local\Programs\Python\Python37-32\Scripts\;C:\Users\Aluno\AppData\Local\Programs\Python\Python37-32\;C:\Users\Aluno\AppData\Local\Microsoft\WindowsApps;C:\Users\Aluno\AppData\Local\gitkraken\bin;C:\Users\Aluno\AppData\Roaming\npm;C:\Users\Aluno\AppData\Local\Programs\Microsoft VS Code\bin;"C:\Users\Aluno\Downloads\flutter\bin";C:\WINDOWS\system32;
USERNAME=Aluno
OS=Windows_NT
PROCESSOR_IDENTIFIER=Intel64 Family 6 Model 151 Stepping 2, GenuineIntel
TMP=C:\Users\Aluno\AppData\Local\Temp
TEMP=C:\Users\Aluno\AppData\Local\Temp



---------------  S Y S T E M  ---------------

OS:
 Windows 11 , 64 bit Build 22621 (10.0.22621.3235)
OS uptime: 0 days 2:18 hours
Hyper-V role detected

CPU: total 12 (initial active 12) (6 cores per cpu, 2 threads per core) family 6 model 151 stepping 2 microcode 0x1e, cx8, cmov, fxsr, ht, mmx, 3dnowpref, sse, sse2, sse3, ssse3, sse4.1, sse4.2, popcnt, lzcnt, tsc, tscinvbit, avx, avx2, aes, erms, clmul, bmi1, bmi2, adx, sha, fma, vzeroupper, clflush, clflushopt, clwb, hv

Memory: 4k page, system-wide physical 7515M (952M free)
TotalPageFile size 13063M (AvailPageFile size 3M)
current process WorkingSet (physical memory assigned to process): 58M, peak: 58M
current process commit charge ("private bytes"): 209M, peak: 209M

vm_info: OpenJDK 64-Bit Server VM (17.0.6+10) for windows-amd64 JRE (17.0.6+10), built on Jan 18 2023 10:08:59 by "temurin" with MS VC++ 16.7 (VS2019)

END.
