#
# There is insufficient memory for the Java Runtime Environment to continue.
# Native memory allocation (mmap) failed to map 123731968 bytes for G1 virtual space
# Possible reasons:
#   The system is out of physical RAM or swap space
#   The process is running with CompressedOops enabled, and the Java Heap may be blocking the growth of the native heap
# Possible solutions:
#   Reduce memory load on the system
#   Increase physical memory or swap space
#   Check if swap backing store is full
#   Decrease Java heap size (-Xmx/-Xms)
#   Decrease number of Java threads
#   Decrease Java thread stack sizes (-Xss)
#   Set larger code cache with -XX:ReservedCodeCacheSize=
#   JVM is running with Unscaled Compressed Oops mode in which the Java heap is
#     placed in the first 4GB address space. The Java Heap base address is the
#     maximum limit for the native heap growth. Please use -XX:HeapBaseMinAddress
#     to set the Java Heap base and to place the Java Heap above 4GB virtual address.
# This output file may be truncated or incomplete.
#
#  Out of Memory Error (os_windows.cpp:3557), pid=4628, tid=1108
#
# JRE version:  (17.0.6+10) (build )
# Java VM: OpenJDK 64-Bit Server VM (17.0.6+10, mixed mode, sharing, tiered, compressed oops, compressed class ptrs, g1 gc, windows-amd64)
# No core dump will be written. Minidumps are not enabled by default on client versions of Windows
#

---------------  S U M M A R Y ------------

Command Line: -Dfile.encoding=UTF-8 -XX:+ShowCodeDetailsInExceptionMessages visao.TelaProdutos

Host: 12th Gen Intel(R) Core(TM) i5-12400, 12 cores, 7G,  Windows 11 , 64 bit Build 22621 (10.0.22621.3235)
Time: Tue Oct  8 10:39:24 2024 Hora oficial do Brasil elapsed time: 0.007823 seconds (0d 0h 0m 0s)

---------------  T H R E A D  ---------------

Current thread (0x0000022dbebf1d80):  JavaThread "Unknown thread" [_thread_in_vm, id=1108, stack(0x0000005d88500000,0x0000005d88600000)]

Stack: [0x0000005d88500000,0x0000005d88600000]
Native frames: (J=compiled Java code, j=interpreted, Vv=VM code, C=native code)
V  [jvm.dll+0x67741a]
V  [jvm.dll+0x834434]
V  [jvm.dll+0x835bde]
V  [jvm.dll+0x836243]
V  [jvm.dll+0x2457b5]
V  [jvm.dll+0x674329]
V  [jvm.dll+0x6689da]
V  [jvm.dll+0x30489b]
V  [jvm.dll+0x30bd96]
V  [jvm.dll+0x35b57e]
V  [jvm.dll+0x35b7af]
V  [jvm.dll+0x2db778]
V  [jvm.dll+0x2dc6e4]
V  [jvm.dll+0x806131]
V  [jvm.dll+0x369331]
V  [jvm.dll+0x7e56ac]
V  [jvm.dll+0x3eb35f]
V  [jvm.dll+0x3ecea1]
C  [jli.dll+0x5267]
C  [ucrtbase.dll+0x29363]
C  [KERNEL32.DLL+0x1257d]
C  [ntdll.dll+0x5aa58]


---------------  P R O C E S S  ---------------

Threads class SMR info:
_java_thread_list=0x00007ffc381a5fd8, length=0, elements={
}

Java Threads: ( => current thread )

Other Threads:
  0x0000022dbec49c20 GCTaskThread "GC Thread#0" [stack: 0x0000005d88600000,0x0000005d88700000] [id=15972]
  0x0000022dbec59e00 ConcurrentGCThread "G1 Main Marker" [stack: 0x0000005d88700000,0x0000005d88800000] [id=5408]
  0x0000022dbec5a810 ConcurrentGCThread "G1 Conc#0" [stack: 0x0000005d88800000,0x0000005d88900000] [id=7124]

[error occurred during error reporting (printing all threads), id 0xc0000005, EXCEPTION_ACCESS_VIOLATION (0xc0000005) at pc=0x00007ffc3797c1e7]

VM state: not at safepoint (not fully initialized)

VM Mutex/Monitor currently owned by a thread:  ([mutex/lock_event])
[0x0000022dbebec810] Heap_lock - owner thread: 0x0000022dbebf1d80

Heap address: 0x000000008a800000, size: 1880 MB, Compressed Oops mode: 32-bit

CDS archive(s) mapped at: [0x0000000000000000-0x0000000000000000-0x0000000000000000), size 0, SharedBaseAddress: 0x0000000800000000, ArchiveRelocationMode: 0.
Narrow klass base: 0x0000000000000000, Narrow klass shift: 0, Narrow klass range: 0x0

GC Precious Log:
<Empty>

Heap:
 garbage-first heap   total 0K, used 0K [0x000000008a800000, 0x0000000100000000)
  region size 1024K, 0 young (0K), 0 survivors (0K)

[error occurred during error reporting (printing heap information), id 0xc0000005, EXCEPTION_ACCESS_VIOLATION (0xc0000005) at pc=0x00007ffc37d606f9]

GC Heap History (0 events):
No events

Dll operation events (1 events):
Event: 0.004 Loaded shared library C:\Users\Aluno\.p2\pool\plugins\org.eclipse.justj.openjdk.hotspot.jre.full.win32.x86_64_17.0.6.v20230204-1729\jre\bin\java.dll

Deoptimization events (0 events):
No events

Classes unloaded (0 events):
No events

Classes redefined (0 events):
No events

Internal exceptions (0 events):
No events

VM Operations (0 events):
No events

Events (0 events):
No events


Dynamic libraries:
0x00007ff708e90000 - 0x00007ff708e9e000 	C:\Users\Aluno\.p2\pool\plugins\org.eclipse.justj.openjdk.hotspot.jre.full.win32.x86_64_17.0.6.v20230204-1729\jre\bin\javaw.exe
0x00007ffc9fd70000 - 0x00007ffc9ff86000 	C:\WINDOWS\SYSTEM32\ntdll.dll
0x00007ffc9eef0000 - 0x00007ffc9efb4000 	C:\WINDOWS\System32\KERNEL32.DLL
0x00007ffc9d360000 - 0x00007ffc9d706000 	C:\WINDOWS\System32\KERNELBASE.dll
0x00007ffc9d710000 - 0x00007ffc9d821000 	C:\WINDOWS\System32\ucrtbase.dll
0x00007ffc9a0c0000 - 0x00007ffc9a0d7000 	C:\Users\Aluno\.p2\pool\plugins\org.eclipse.justj.openjdk.hotspot.jre.full.win32.x86_64_17.0.6.v20230204-1729\jre\bin\jli.dll
0x00007ffc99a70000 - 0x00007ffc99a89000 	C:\Users\Aluno\.p2\pool\plugins\org.eclipse.justj.openjdk.hotspot.jre.full.win32.x86_64_17.0.6.v20230204-1729\jre\bin\VCRUNTIME140.dll
0x00007ffc9f0a0000 - 0x00007ffc9f24d000 	C:\WINDOWS\System32\USER32.dll
0x00007ffc9d830000 - 0x00007ffc9d856000 	C:\WINDOWS\System32\win32u.dll
0x00007ffc898a0000 - 0x00007ffc89b33000 	C:\WINDOWS\WinSxS\amd64_microsoft.windows.common-controls_6595b64144ccf1df_6.0.22621.3235_none_270f74e173860f98\COMCTL32.dll
0x00007ffc9f070000 - 0x00007ffc9f099000 	C:\WINDOWS\System32\GDI32.dll
0x00007ffc9fc80000 - 0x00007ffc9fd27000 	C:\WINDOWS\System32\msvcrt.dll
0x00007ffc9d240000 - 0x00007ffc9d358000 	C:\WINDOWS\System32\gdi32full.dll
0x00007ffc9d120000 - 0x00007ffc9d1ba000 	C:\WINDOWS\System32\msvcp_win.dll
0x00007ffc9e050000 - 0x00007ffc9e081000 	C:\WINDOWS\System32\IMM32.DLL
0x00007ffc9a3b0000 - 0x00007ffc9a3bc000 	C:\Users\Aluno\.p2\pool\plugins\org.eclipse.justj.openjdk.hotspot.jre.full.win32.x86_64_17.0.6.v20230204-1729\jre\bin\vcruntime140_1.dll
0x00007ffc8e880000 - 0x00007ffc8e911000 	C:\Users\Aluno\.p2\pool\plugins\org.eclipse.justj.openjdk.hotspot.jre.full.win32.x86_64_17.0.6.v20230204-1729\jre\bin\msvcp140.dll
0x00007ffc37690000 - 0x00007ffc382d7000 	C:\Users\Aluno\.p2\pool\plugins\org.eclipse.justj.openjdk.hotspot.jre.full.win32.x86_64_17.0.6.v20230204-1729\jre\bin\server\jvm.dll
0x00007ffc9dac0000 - 0x00007ffc9db72000 	C:\WINDOWS\System32\ADVAPI32.dll
0x00007ffc9efc0000 - 0x00007ffc9f068000 	C:\WINDOWS\System32\sechost.dll
0x00007ffc9d860000 - 0x00007ffc9d888000 	C:\WINDOWS\System32\bcrypt.dll
0x00007ffc9f340000 - 0x00007ffc9f455000 	C:\WINDOWS\System32\RPCRT4.dll
0x00007ffc93550000 - 0x00007ffc93584000 	C:\WINDOWS\SYSTEM32\WINMM.dll
0x00007ffc8df60000 - 0x00007ffc8df69000 	C:\WINDOWS\SYSTEM32\WSOCK32.dll
0x00007ffc94ae0000 - 0x00007ffc94aea000 	C:\WINDOWS\SYSTEM32\VERSION.dll
0x00007ffc9e910000 - 0x00007ffc9e981000 	C:\WINDOWS\System32\WS2_32.dll
0x00007ffc9c1a0000 - 0x00007ffc9c1b8000 	C:\WINDOWS\SYSTEM32\kernel.appcore.dll
0x00007ffc8de00000 - 0x00007ffc8de0a000 	C:\Users\Aluno\.p2\pool\plugins\org.eclipse.justj.openjdk.hotspot.jre.full.win32.x86_64_17.0.6.v20230204-1729\jre\bin\jimage.dll
0x00007ffc86eb0000 - 0x00007ffc870e3000 	C:\WINDOWS\SYSTEM32\DBGHELP.DLL
0x00007ffc9eb50000 - 0x00007ffc9eed8000 	C:\WINDOWS\System32\combase.dll
0x00007ffc9f530000 - 0x00007ffc9f607000 	C:\WINDOWS\System32\OLEAUT32.dll
0x00007ffc863c0000 - 0x00007ffc863f2000 	C:\WINDOWS\SYSTEM32\dbgcore.DLL
0x00007ffc9d1c0000 - 0x00007ffc9d23a000 	C:\WINDOWS\System32\bcryptPrimitives.dll
0x00007ffc80420000 - 0x00007ffc80445000 	C:\Users\Aluno\.p2\pool\plugins\org.eclipse.justj.openjdk.hotspot.jre.full.win32.x86_64_17.0.6.v20230204-1729\jre\bin\java.dll

dbghelp: loaded successfully - version: 4.0.5 - missing functions: none
symbol engine: initialized successfully - sym options: 0x614 - pdb path: .;C:\Users\Aluno\.p2\pool\plugins\org.eclipse.justj.openjdk.hotspot.jre.full.win32.x86_64_17.0.6.v20230204-1729\jre\bin;C:\WINDOWS\SYSTEM32;C:\WINDOWS\WinSxS\amd64_microsoft.windows.common-controls_6595b64144ccf1df_6.0.22621.3235_none_270f74e173860f98;C:\Users\Aluno\.p2\pool\plugins\org.eclipse.justj.openjdk.hotspot.jre.full.win32.x86_64_17.0.6.v20230204-1729\jre\bin\server

VM Arguments:
jvm_args: -Dfile.encoding=UTF-8 -XX:+ShowCodeDetailsInExceptionMessages 
java_command: visao.TelaProdutos
java_class_path (initial): C:\Users\Aluno\Desktop\Projeto-Integrador---Arm-rio-Digital\bin;C:\Users\Aluno\Desktop\Projeto-Integrador---Arm-rio-Digital\com.miglayout.swing_11.3.0.jar;C:\Users\Aluno\Desktop\Projeto-Integrador---Arm-rio-Digital\com.miglayout.core_11.3.0.jar;C:\Users\Aluno\Desktop\Projeto-Integrador---Arm-rio-Digital\mysql-connector-j-9.0.0.jar;C:\Users\Aluno\.p2\pool\plugins\org.junit_4.13.2.v20211018-1956.jar
Launcher Type: SUN_STANDARD

[Global flags]
     intx CICompilerCount                          = 4                                         {product} {ergonomic}
     uint ConcGCThreads                            = 3                                         {product} {ergonomic}
     uint G1ConcRefinementThreads                  = 10                                        {product} {ergonomic}
   size_t G1HeapRegionSize                         = 1048576                                   {product} {ergonomic}
    uintx GCDrainStackTargetSize                   = 64                                        {product} {ergonomic}
   size_t InitialHeapSize                          = 123731968                                 {product} {ergonomic}
   size_t MarkStackSize                            = 4194304                                   {product} {ergonomic}
   size_t MaxHeapSize                              = 1971322880                                {product} {ergonomic}
   size_t MinHeapDeltaBytes                        = 1048576                                   {product} {ergonomic}
   size_t MinHeapSize                              = 8388608                                   {product} {ergonomic}
    uintx NonNMethodCodeHeapSize                   = 5839372                                {pd product} {ergonomic}
    uintx NonProfiledCodeHeapSize                  = 122909434                              {pd product} {ergonomic}
    uintx ProfiledCodeHeapSize                     = 122909434                              {pd product} {ergonomic}
    uintx ReservedCodeCacheSize                    = 251658240                              {pd product} {ergonomic}
     bool SegmentedCodeCache                       = true                                      {product} {ergonomic}
     bool ShowCodeDetailsInExceptionMessages       = true                                   {manageable} {command line}
   size_t SoftMaxHeapSize                          = 1971322880                             {manageable} {ergonomic}
     bool UseCompressedClassPointers               = true                           {product lp64_product} {ergonomic}
     bool UseCompressedOops                        = true                           {product lp64_product} {ergonomic}
     bool UseG1GC                                  = true                                      {product} {ergonomic}
     bool UseLargePagesIndividualAllocation        = false                                  {pd product} {ergonomic}

Logging:
Log output configuration:
 #0: stdout all=warning uptime,level,tags
 #1: stderr all=off uptime,level,tags

Environment Variables:
JAVA_HOME=C:\Users\Aluno\.p2\pool\plugins\org.eclipse.justj.openjdk.hotspot.jre.full.win32.x86_64_17.0.6.v20230204-1729\jre
PATH=C:/Users/Aluno/.p2/pool/plugins/org.eclipse.justj.openjdk.hotspot.jre.full.win32.x86_64_17.0.6.v20230204-1729/jre/bin/server;C:/Users/Aluno/.p2/pool/plugins/org.eclipse.justj.openjdk.hotspot.jre.full.win32.x86_64_17.0.6.v20230204-1729/jre/bin;C:\Program Files\Common Files\Oracle\Java\javapath;C:\WINDOWS\system32;C:\WINDOWS;C:\WINDOWS\System32\Wbem;C:\WINDOWS\System32\WindowsPowerShell\v1.0\;C:\WINDOWS\System32\OpenSSH\;C:\Program Files\Git\cmd;C:\Program Files (x86)\IVI Foundation\VISA\WinNT\Bin;C:\Program Files\nodejs\;C:\Program Files\Microsoft SQL Server\130\Tools\Binn\;C:\Program Files\Microsoft SQL Server\Client SDK\ODBC\170\Tools\Binn\;C:\Program Files\PuTTY\;C:\Program Files\Shield;C:\Program Files\MySQL\MySQL Shell 8.0\bin\;C:\Users\Aluno\AppData\Local\Programs\Python\Python37-32\Scripts\;C:\Users\Aluno\AppData\Local\Programs\Python\Python37-32\;C:\Users\Aluno\AppData\Local\Microsoft\WindowsApps;C:\Users\Aluno\AppData\Local\gitkraken\bin;C:\Users\Aluno\AppData\Roaming\npm;C:\Users\Aluno\AppData\Local\Programs\Microsoft VS Code\bin;"C:\Users\Aluno\Downloads\flutter\bin";C:\WINDOWS\system32;
USERNAME=Aluno
OS=Windows_NT
PROCESSOR_IDENTIFIER=Intel64 Family 6 Model 151 Stepping 2, GenuineIntel
TMP=C:\Users\Aluno\AppData\Local\Temp
TEMP=C:\Users\Aluno\AppData\Local\Temp



---------------  S Y S T E M  ---------------

OS:
 Windows 11 , 64 bit Build 22621 (10.0.22621.3235)
OS uptime: 0 days 2:17 hours
Hyper-V role detected

CPU: total 12 (initial active 12) (6 cores per cpu, 2 threads per core) family 6 model 151 stepping 2 microcode 0x1e, cx8, cmov, fxsr, ht, mmx, 3dnowpref, sse, sse2, sse3, ssse3, sse4.1, sse4.2, popcnt, lzcnt, tsc, tscinvbit, avx, avx2, aes, erms, clmul, bmi1, bmi2, adx, sha, fma, vzeroupper, clflush, clflushopt, clwb, hv

Memory: 4k page, system-wide physical 7515M (867M free)
TotalPageFile size 13063M (AvailPageFile size 41M)
current process WorkingSet (physical memory assigned to process): 11M, peak: 11M
current process commit charge ("private bytes"): 64M, peak: 182M

vm_info: OpenJDK 64-Bit Server VM (17.0.6+10) for windows-amd64 JRE (17.0.6+10), built on Jan 18 2023 10:08:59 by "temurin" with MS VC++ 16.7 (VS2019)

END.
